<?xml version="1.0" encoding="UTF-8"?>
<!-- Generated by org.testng.reporters.JUnitXMLReporter -->
<testsuite hostname="HCL-PC" name="Simple Test" tests="1" failures="1" timestamp="20 Apr 2020 19:45:13 GMT" time="52.158" errors="0">
  <testcase name="createAccount" time="35.282" classname="runner.TestRunner">
    <failure type="java.lang.NoClassDefFoundError" message="com/aventstack/extentreports/ExtentTest">
      <![CDATA[java.lang.NoClassDefFoundError: com/aventstack/extentreports/ExtentTest
	at com.cucumber.listener.Reporter.addScreenCaptureFromPath(Reporter.java:84)
	at utils.CommonFunctionsLib.getScreenshot(CommonFunctionsLib.java:127)
	at runner.TestRunner.createAccount(TestRunner.java:93)
Caused by: java.lang.ClassNotFoundException: com.aventstack.extentreports.ExtentTest
	at java.net.URLClassLoader.findClass(URLClassLoader.java:382)
	at java.lang.ClassLoader.loadClass(ClassLoader.java:418)
	at sun.misc.Launcher$AppClassLoader.loadClass(Launcher.java:355)
	at java.lang.ClassLoader.loadClass(ClassLoader.java:351)
	... 27 more
... Removed 24 stack frames]]>
    </failure>
  </testcase> <!-- createAccount -->
</testsuite> <!-- Simple Test -->
