<?xml version="1.0" encoding="UTF-8"?>
<testng-results skipped="0" failed="0" total="2" passed="2">
  <reporter-output>
  </reporter-output>
  <suite name="Example test run" duration-ms="89782" started-at="2020-04-23T15:20:54Z" finished-at="2020-04-23T15:22:24Z">
    <groups>
    </groups>
    <test name="Simple Test" duration-ms="89782" started-at="2020-04-23T15:20:54Z" finished-at="2020-04-23T15:22:24Z">
      <class name="runner.TestRunner">
        <test-method status="PASS" signature="initializeDriver()[pri:0, instance:runner.TestRunner@7f9a81e8]" name="initializeDriver" is-config="true" duration-ms="38050" started-at="2020-04-23T20:50:54Z" finished-at="2020-04-23T20:51:32Z">
          <reporter-output>
          </reporter-output>
        </test-method> <!-- initializeDriver -->
        <test-method status="PASS" signature="registerUser()[pri:0, instance:runner.TestRunner@7f9a81e8]" name="registerUser" duration-ms="21234" started-at="2020-04-23T20:51:32Z" finished-at="2020-04-23T20:51:53Z">
          <reporter-output>
          </reporter-output>
        </test-method> <!-- registerUser -->
        <test-method status="PASS" signature="placeOrder()[pri:0, instance:runner.TestRunner@7f9a81e8]" name="placeOrder" duration-ms="28911" started-at="2020-04-23T20:51:53Z" finished-at="2020-04-23T20:52:22Z">
          <reporter-output>
          </reporter-output>
        </test-method> <!-- placeOrder -->
        <test-method status="PASS" signature="close()[pri:0, instance:runner.TestRunner@7f9a81e8]" name="close" is-config="true" duration-ms="1525" started-at="2020-04-23T20:52:22Z" finished-at="2020-04-23T20:52:24Z">
          <reporter-output>
          </reporter-output>
        </test-method> <!-- close -->
      </class> <!-- runner.TestRunner -->
    </test> <!-- Simple Test -->
  </suite> <!-- Example test run -->
</testng-results>
